<?xml version="1.0" encoding="UTF-8"?>
<testng-results skipped="0" failed="0" total="1" passed="1">
  <reporter-output>
  </reporter-output>
  <suite name="Default suite" duration-ms="49548" started-at="2020-03-10T11:04:25Z" finished-at="2020-03-10T11:05:14Z">
    <groups>
    </groups>
    <test name="Default test" duration-ms="49548" started-at="2020-03-10T11:04:25Z" finished-at="2020-03-10T11:05:14Z">
      <class name="com.EchoEchoApplication.RadioButtonsValidation">
        <test-method status="PASS" signature="setUp()[pri:0, instance:com.EchoEchoApplication.RadioButtonsValidation@6767c1fc]" name="setUp" is-config="true" duration-ms="42253" started-at="2020-03-10T16:34:25Z" finished-at="2020-03-10T16:35:07Z">
          <reporter-output>
          </reporter-output>
        </test-method> <!-- setUp -->
        <test-method status="PASS" signature="Radiobuton_Testing()[pri:0, instance:com.EchoEchoApplication.RadioButtonsValidation@6767c1fc]" name="Radiobuton_Testing" duration-ms="5006" started-at="2020-03-10T16:35:08Z" finished-at="2020-03-10T16:35:13Z">
          <reporter-output>
          </reporter-output>
        </test-method> <!-- Radiobuton_Testing -->
        <test-method status="PASS" signature="tearDown()[pri:0, instance:com.EchoEchoApplication.RadioButtonsValidation@6767c1fc]" name="tearDown" is-config="true" duration-ms="1132" started-at="2020-03-10T16:35:13Z" finished-at="2020-03-10T16:35:14Z">
          <reporter-output>
          </reporter-output>
        </test-method> <!-- tearDown -->
      </class> <!-- com.EchoEchoApplication.RadioButtonsValidation -->
    </test> <!-- Default test -->
  </suite> <!-- Default suite -->
</testng-results>
